[2022-05-16 23:02:23,636] INFO [Controller id=0 epoch=1] Sending UpdateMetadata request to brokers HashSet(0) for 0 partitions (state.change.logger)
[2022-05-16 23:24:35,318] INFO [Controller id=0 epoch=1] Changed partition quickstart-events-0 state from NonExistentPartition to NewPartition with assigned replicas 0 (state.change.logger)
[2022-05-16 23:24:35,319] INFO [Controller id=0 epoch=1] Sending UpdateMetadata request to brokers HashSet() for 0 partitions (state.change.logger)
[2022-05-16 23:24:35,330] INFO [Controller id=0 epoch=1] Sending UpdateMetadata request to brokers HashSet() for 0 partitions (state.change.logger)
[2022-05-16 23:24:35,385] INFO [Controller id=0 epoch=1] Changed partition quickstart-events-0 from NewPartition to OnlinePartition with state LeaderAndIsr(leader=0, leaderEpoch=0, isr=List(0), zkVersion=0) (state.change.logger)
[2022-05-16 23:24:35,389] INFO [Controller id=0 epoch=1] Sending LeaderAndIsr request to broker 0 with 1 become-leader and 0 become-follower partitions (state.change.logger)
[2022-05-16 23:24:35,395] INFO [Controller id=0 epoch=1] Sending UpdateMetadata request to brokers HashSet(0) for 1 partitions (state.change.logger)
[2022-05-16 23:24:35,397] INFO [Controller id=0 epoch=1] Sending UpdateMetadata request to brokers HashSet() for 0 partitions (state.change.logger)
[2022-05-16 23:24:35,423] INFO [Broker id=0] Handling LeaderAndIsr request correlationId 1 from controller 0 for 1 partitions (state.change.logger)
[2022-05-16 23:24:35,471] INFO [Broker id=0] Stopped fetchers as part of LeaderAndIsr request correlationId 1 from controller 0 epoch 1 as part of the become-leader transition for 1 partitions (state.change.logger)
[2022-05-16 23:24:35,648] INFO [Broker id=0] Leader quickstart-events-0 starts at leader epoch 0 from offset 0 with high watermark 0 ISR [0] addingReplicas [] removingReplicas []. Previous leader epoch was -1. (state.change.logger)
[2022-05-16 23:24:35,679] INFO [Broker id=0] Finished LeaderAndIsr request in 259ms correlationId 1 from controller 0 for 1 partitions (state.change.logger)
[2022-05-16 23:24:35,782] INFO [Broker id=0] Add 1 partitions and deleted 0 partitions from metadata cache in response to UpdateMetadata request sent by controller 0 epoch 1 with correlation id 2 (state.change.logger)
[2022-05-16 23:39:31,721] INFO [Controller id=0 epoch=1] Changed partition __consumer_offsets-22 state from NonExistentPartition to NewPartition with assigned replicas 0 (state.change.logger)
[2022-05-16 23:39:31,722] INFO [Controller id=0 epoch=1] Changed partition __consumer_offsets-30 state from NonExistentPartition to NewPartition with assigned replicas 0 (state.change.logger)
[2022-05-16 23:39:31,722] INFO [Controller id=0 epoch=1] Changed partition __consumer_offsets-25 state from NonExistentPartition to NewPartition with assigned replicas 0 (state.change.logger)
[2022-05-16 23:39:31,722] INFO [Controller id=0 epoch=1] Changed partition __consumer_offsets-35 state from NonExistentPartition to NewPartition with assigned replicas 0 (state.change.logger)
[2022-05-16 23:39:31,722] INFO [Controller id=0 epoch=1] Changed partition __consumer_offsets-37 state from NonExistentPartition to NewPartition with assigned replicas 0 (state.change.logger)
[2022-05-16 23:39:31,722] INFO [Controller id=0 epoch=1] Changed partition __consumer_offsets-38 state from NonExistentPartition to NewPartition with assigned replicas 0 (state.change.logger)
[2022-05-16 23:39:31,722] INFO [Controller id=0 epoch=1] Changed partition __consumer_offsets-13 state from NonExistentPartition to NewPartition with assigned replicas 0 (state.change.logger)
[2022-05-16 23:39:31,722] INFO [Controller id=0 epoch=1] Changed partition __consumer_offsets-8 state from NonExistentPartition to NewPartition with assigned replicas 0 (state.change.logger)
[2022-05-16 23:39:31,722] INFO [Controller id=0 epoch=1] Changed partition __consumer_offsets-21 state from NonExistentPartition to NewPartition with assigned replicas 0 (state.change.logger)
[2022-05-16 23:39:31,722] INFO [Controller id=0 epoch=1] Changed partition __consumer_offsets-4 state from NonExistentPartition to NewPartition with assigned replicas 0 (state.change.logger)
[2022-05-16 23:39:31,723] INFO [Controller id=0 epoch=1] Changed partition __consumer_offsets-27 state from NonExistentPartition to NewPartition with assigned replicas 0 (state.change.logger)
[2022-05-16 23:39:31,723] INFO [Controller id=0 epoch=1] Changed partition __consumer_offsets-7 state from NonExistentPartition to NewPartition with assigned replicas 0 (state.change.logger)
[2022-05-16 23:39:31,723] INFO [Controller id=0 epoch=1] Changed partition __consumer_offsets-9 state from NonExistentPartition to NewPartition with assigned replicas 0 (state.change.logger)
[2022-05-16 23:39:31,723] INFO [Controller id=0 epoch=1] Changed partition __consumer_offsets-46 state from NonExistentPartition to NewPartition with assigned replicas 0 (state.change.logger)
[2022-05-16 23:39:31,723] INFO [Controller id=0 epoch=1] Changed partition __consumer_offsets-41 state from NonExistentPartition to NewPartition with assigned replicas 0 (state.change.logger)
[2022-05-16 23:39:31,723] INFO [Controller id=0 epoch=1] Changed partition __consumer_offsets-33 state from NonExistentPartition to NewPartition with assigned replicas 0 (state.change.logger)
[2022-05-16 23:39:31,723] INFO [Controller id=0 epoch=1] Changed partition __consumer_offsets-23 state from NonExistentPartition to NewPartition with assigned replicas 0 (state.change.logger)
[2022-05-16 23:39:31,723] INFO [Controller id=0 epoch=1] Changed partition __consumer_offsets-49 state from NonExistentPartition to NewPartition with assigned replicas 0 (state.change.logger)
[2022-05-16 23:39:31,723] INFO [Controller id=0 epoch=1] Changed partition __consumer_offsets-47 state from NonExistentPartition to NewPartition with assigned replicas 0 (state.change.logger)
[2022-05-16 23:39:31,723] INFO [Controller id=0 epoch=1] Changed partition __consumer_offsets-16 state from NonExistentPartition to NewPartition with assigned replicas 0 (state.change.logger)
[2022-05-16 23:39:31,723] INFO [Controller id=0 epoch=1] Changed partition __consumer_offsets-28 state from NonExistentPartition to NewPartition with assigned replicas 0 (state.change.logger)
[2022-05-16 23:39:31,723] INFO [Controller id=0 epoch=1] Changed partition __consumer_offsets-31 state from NonExistentPartition to NewPartition with assigned replicas 0 (state.change.logger)
[2022-05-16 23:39:31,723] INFO [Controller id=0 epoch=1] Changed partition __consumer_offsets-36 state from NonExistentPartition to NewPartition with assigned replicas 0 (state.change.logger)
[2022-05-16 23:39:31,724] INFO [Controller id=0 epoch=1] Changed partition __consumer_offsets-42 state from NonExistentPartition to NewPartition with assigned replicas 0 (state.change.logger)
[2022-05-16 23:39:31,724] INFO [Controller id=0 epoch=1] Changed partition __consumer_offsets-3 state from NonExistentPartition to NewPartition with assigned replicas 0 (state.change.logger)
[2022-05-16 23:39:31,724] INFO [Controller id=0 epoch=1] Changed partition __consumer_offsets-18 state from NonExistentPartition to NewPartition with assigned replicas 0 (state.change.logger)
[2022-05-16 23:39:31,724] INFO [Controller id=0 epoch=1] Changed partition __consumer_offsets-15 state from NonExistentPartition to NewPartition with assigned replicas 0 (state.change.logger)
[2022-05-16 23:39:31,724] INFO [Controller id=0 epoch=1] Changed partition __consumer_offsets-24 state from NonExistentPartition to NewPartition with assigned replicas 0 (state.change.logger)
[2022-05-16 23:39:31,724] INFO [Controller id=0 epoch=1] Changed partition __consumer_offsets-17 state from NonExistentPartition to NewPartition with assigned replicas 0 (state.change.logger)
[2022-05-16 23:39:31,724] INFO [Controller id=0 epoch=1] Changed partition __consumer_offsets-48 state from NonExistentPartition to NewPartition with assigned replicas 0 (state.change.logger)
[2022-05-16 23:39:31,724] INFO [Controller id=0 epoch=1] Changed partition __consumer_offsets-19 state from NonExistentPartition to NewPartition with assigned replicas 0 (state.change.logger)
[2022-05-16 23:39:31,724] INFO [Controller id=0 epoch=1] Changed partition __consumer_offsets-11 state from NonExistentPartition to NewPartition with assigned replicas 0 (state.change.logger)
[2022-05-16 23:39:31,725] INFO [Controller id=0 epoch=1] Changed partition __consumer_offsets-2 state from NonExistentPartition to NewPartition with assigned replicas 0 (state.change.logger)
[2022-05-16 23:39:31,725] INFO [Controller id=0 epoch=1] Changed partition __consumer_offsets-43 state from NonExistentPartition to NewPartition with assigned replicas 0 (state.change.logger)
[2022-05-16 23:39:31,725] INFO [Controller id=0 epoch=1] Changed partition __consumer_offsets-6 state from NonExistentPartition to NewPartition with assigned replicas 0 (state.change.logger)
[2022-05-16 23:39:31,725] INFO [Controller id=0 epoch=1] Changed partition __consumer_offsets-14 state from NonExistentPartition to NewPartition with assigned replicas 0 (state.change.logger)
[2022-05-16 23:39:31,725] INFO [Controller id=0 epoch=1] Changed partition __consumer_offsets-20 state from NonExistentPartition to NewPartition with assigned replicas 0 (state.change.logger)
[2022-05-16 23:39:31,725] INFO [Controller id=0 epoch=1] Changed partition __consumer_offsets-0 state from NonExistentPartition to NewPartition with assigned replicas 0 (state.change.logger)
[2022-05-16 23:39:31,725] INFO [Controller id=0 epoch=1] Changed partition __consumer_offsets-44 state from NonExistentPartition to NewPartition with assigned replicas 0 (state.change.logger)
[2022-05-16 23:39:31,725] INFO [Controller id=0 epoch=1] Changed partition __consumer_offsets-39 state from NonExistentPartition to NewPartition with assigned replicas 0 (state.change.logger)
[2022-05-16 23:39:31,725] INFO [Controller id=0 epoch=1] Changed partition __consumer_offsets-12 state from NonExistentPartition to NewPartition with assigned replicas 0 (state.change.logger)
[2022-05-16 23:39:31,725] INFO [Controller id=0 epoch=1] Changed partition __consumer_offsets-45 state from NonExistentPartition to NewPartition with assigned replicas 0 (state.change.logger)
[2022-05-16 23:39:31,725] INFO [Controller id=0 epoch=1] Changed partition __consumer_offsets-1 state from NonExistentPartition to NewPartition with assigned replicas 0 (state.change.logger)
[2022-05-16 23:39:31,725] INFO [Controller id=0 epoch=1] Changed partition __consumer_offsets-5 state from NonExistentPartition to NewPartition with assigned replicas 0 (state.change.logger)
[2022-05-16 23:39:31,725] INFO [Controller id=0 epoch=1] Changed partition __consumer_offsets-26 state from NonExistentPartition to NewPartition with assigned replicas 0 (state.change.logger)
[2022-05-16 23:39:31,725] INFO [Controller id=0 epoch=1] Changed partition __consumer_offsets-29 state from NonExistentPartition to NewPartition with assigned replicas 0 (state.change.logger)
[2022-05-16 23:39:31,726] INFO [Controller id=0 epoch=1] Changed partition __consumer_offsets-34 state from NonExistentPartition to NewPartition with assigned replicas 0 (state.change.logger)
[2022-05-16 23:39:31,726] INFO [Controller id=0 epoch=1] Changed partition __consumer_offsets-10 state from NonExistentPartition to NewPartition with assigned replicas 0 (state.change.logger)
[2022-05-16 23:39:31,726] INFO [Controller id=0 epoch=1] Changed partition __consumer_offsets-32 state from NonExistentPartition to NewPartition with assigned replicas 0 (state.change.logger)
[2022-05-16 23:39:31,726] INFO [Controller id=0 epoch=1] Changed partition __consumer_offsets-40 state from NonExistentPartition to NewPartition with assigned replicas 0 (state.change.logger)
[2022-05-16 23:39:31,726] INFO [Controller id=0 epoch=1] Sending UpdateMetadata request to brokers HashSet() for 0 partitions (state.change.logger)
[2022-05-16 23:39:31,729] INFO [Controller id=0 epoch=1] Sending UpdateMetadata request to brokers HashSet() for 0 partitions (state.change.logger)
[2022-05-16 23:39:31,964] INFO [Controller id=0 epoch=1] Changed partition __consumer_offsets-22 from NewPartition to OnlinePartition with state LeaderAndIsr(leader=0, leaderEpoch=0, isr=List(0), zkVersion=0) (state.change.logger)
[2022-05-16 23:39:31,965] INFO [Controller id=0 epoch=1] Changed partition __consumer_offsets-30 from NewPartition to OnlinePartition with state LeaderAndIsr(leader=0, leaderEpoch=0, isr=List(0), zkVersion=0) (state.change.logger)
[2022-05-16 23:39:31,965] INFO [Controller id=0 epoch=1] Changed partition __consumer_offsets-25 from NewPartition to OnlinePartition with state LeaderAndIsr(leader=0, leaderEpoch=0, isr=List(0), zkVersion=0) (state.change.logger)
[2022-05-16 23:39:31,965] INFO [Controller id=0 epoch=1] Changed partition __consumer_offsets-35 from NewPartition to OnlinePartition with state LeaderAndIsr(leader=0, leaderEpoch=0, isr=List(0), zkVersion=0) (state.change.logger)
[2022-05-16 23:39:31,965] INFO [Controller id=0 epoch=1] Changed partition __consumer_offsets-37 from NewPartition to OnlinePartition with state LeaderAndIsr(leader=0, leaderEpoch=0, isr=List(0), zkVersion=0) (state.change.logger)
[2022-05-16 23:39:31,965] INFO [Controller id=0 epoch=1] Changed partition __consumer_offsets-38 from NewPartition to OnlinePartition with state LeaderAndIsr(leader=0, leaderEpoch=0, isr=List(0), zkVersion=0) (state.change.logger)
[2022-05-16 23:39:31,965] INFO [Controller id=0 epoch=1] Changed partition __consumer_offsets-13 from NewPartition to OnlinePartition with state LeaderAndIsr(leader=0, leaderEpoch=0, isr=List(0), zkVersion=0) (state.change.logger)
[2022-05-16 23:39:31,966] INFO [Controller id=0 epoch=1] Changed partition __consumer_offsets-8 from NewPartition to OnlinePartition with state LeaderAndIsr(leader=0, leaderEpoch=0, isr=List(0), zkVersion=0) (state.change.logger)
[2022-05-16 23:39:31,966] INFO [Controller id=0 epoch=1] Changed partition __consumer_offsets-21 from NewPartition to OnlinePartition with state LeaderAndIsr(leader=0, leaderEpoch=0, isr=List(0), zkVersion=0) (state.change.logger)
[2022-05-16 23:39:31,966] INFO [Controller id=0 epoch=1] Changed partition __consumer_offsets-4 from NewPartition to OnlinePartition with state LeaderAndIsr(leader=0, leaderEpoch=0, isr=List(0), zkVersion=0) (state.change.logger)
[2022-05-16 23:39:31,966] INFO [Controller id=0 epoch=1] Changed partition __consumer_offsets-27 from NewPartition to OnlinePartition with state LeaderAndIsr(leader=0, leaderEpoch=0, isr=List(0), zkVersion=0) (state.change.logger)
[2022-05-16 23:39:31,966] INFO [Controller id=0 epoch=1] Changed partition __consumer_offsets-7 from NewPartition to OnlinePartition with state LeaderAndIsr(leader=0, leaderEpoch=0, isr=List(0), zkVersion=0) (state.change.logger)
[2022-05-16 23:39:31,966] INFO [Controller id=0 epoch=1] Changed partition __consumer_offsets-9 from NewPartition to OnlinePartition with state LeaderAndIsr(leader=0, leaderEpoch=0, isr=List(0), zkVersion=0) (state.change.logger)
[2022-05-16 23:39:31,966] INFO [Controller id=0 epoch=1] Changed partition __consumer_offsets-46 from NewPartition to OnlinePartition with state LeaderAndIsr(leader=0, leaderEpoch=0, isr=List(0), zkVersion=0) (state.change.logger)
[2022-05-16 23:39:31,966] INFO [Controller id=0 epoch=1] Changed partition __consumer_offsets-41 from NewPartition to OnlinePartition with state LeaderAndIsr(leader=0, leaderEpoch=0, isr=List(0), zkVersion=0) (state.change.logger)
[2022-05-16 23:39:31,966] INFO [Controller id=0 epoch=1] Changed partition __consumer_offsets-33 from NewPartition to OnlinePartition with state LeaderAndIsr(leader=0, leaderEpoch=0, isr=List(0), zkVersion=0) (state.change.logger)
[2022-05-16 23:39:31,966] INFO [Controller id=0 epoch=1] Changed partition __consumer_offsets-23 from NewPartition to OnlinePartition with state LeaderAndIsr(leader=0, leaderEpoch=0, isr=List(0), zkVersion=0) (state.change.logger)
[2022-05-16 23:39:31,967] INFO [Controller id=0 epoch=1] Changed partition __consumer_offsets-49 from NewPartition to OnlinePartition with state LeaderAndIsr(leader=0, leaderEpoch=0, isr=List(0), zkVersion=0) (state.change.logger)
[2022-05-16 23:39:31,967] INFO [Controller id=0 epoch=1] Changed partition __consumer_offsets-47 from NewPartition to OnlinePartition with state LeaderAndIsr(leader=0, leaderEpoch=0, isr=List(0), zkVersion=0) (state.change.logger)
[2022-05-16 23:39:31,967] INFO [Controller id=0 epoch=1] Changed partition __consumer_offsets-16 from NewPartition to OnlinePartition with state LeaderAndIsr(leader=0, leaderEpoch=0, isr=List(0), zkVersion=0) (state.change.logger)
[2022-05-16 23:39:31,967] INFO [Controller id=0 epoch=1] Changed partition __consumer_offsets-28 from NewPartition to OnlinePartition with state LeaderAndIsr(leader=0, leaderEpoch=0, isr=List(0), zkVersion=0) (state.change.logger)
[2022-05-16 23:39:31,967] INFO [Controller id=0 epoch=1] Changed partition __consumer_offsets-31 from NewPartition to OnlinePartition with state LeaderAndIsr(leader=0, leaderEpoch=0, isr=List(0), zkVersion=0) (state.change.logger)
[2022-05-16 23:39:31,967] INFO [Controller id=0 epoch=1] Changed partition __consumer_offsets-36 from NewPartition to OnlinePartition with state LeaderAndIsr(leader=0, leaderEpoch=0, isr=List(0), zkVersion=0) (state.change.logger)
[2022-05-16 23:39:31,968] INFO [Controller id=0 epoch=1] Changed partition __consumer_offsets-42 from NewPartition to OnlinePartition with state LeaderAndIsr(leader=0, leaderEpoch=0, isr=List(0), zkVersion=0) (state.change.logger)
[2022-05-16 23:39:31,968] INFO [Controller id=0 epoch=1] Changed partition __consumer_offsets-3 from NewPartition to OnlinePartition with state LeaderAndIsr(leader=0, leaderEpoch=0, isr=List(0), zkVersion=0) (state.change.logger)
[2022-05-16 23:39:31,968] INFO [Controller id=0 epoch=1] Changed partition __consumer_offsets-18 from NewPartition to OnlinePartition with state LeaderAndIsr(leader=0, leaderEpoch=0, isr=List(0), zkVersion=0) (state.change.logger)
[2022-05-16 23:39:31,968] INFO [Controller id=0 epoch=1] Changed partition __consumer_offsets-15 from NewPartition to OnlinePartition with state LeaderAndIsr(leader=0, leaderEpoch=0, isr=List(0), zkVersion=0) (state.change.logger)
[2022-05-16 23:39:31,968] INFO [Controller id=0 epoch=1] Changed partition __consumer_offsets-24 from NewPartition to OnlinePartition with state LeaderAndIsr(leader=0, leaderEpoch=0, isr=List(0), zkVersion=0) (state.change.logger)
[2022-05-16 23:39:31,969] INFO [Controller id=0 epoch=1] Changed partition __consumer_offsets-17 from NewPartition to OnlinePartition with state LeaderAndIsr(leader=0, leaderEpoch=0, isr=List(0), zkVersion=0) (state.change.logger)
[2022-05-16 23:39:31,969] INFO [Controller id=0 epoch=1] Changed partition __consumer_offsets-48 from NewPartition to OnlinePartition with state LeaderAndIsr(leader=0, leaderEpoch=0, isr=List(0), zkVersion=0) (state.change.logger)
[2022-05-16 23:39:31,969] INFO [Controller id=0 epoch=1] Changed partition __consumer_offsets-19 from NewPartition to OnlinePartition with state LeaderAndIsr(leader=0, leaderEpoch=0, isr=List(0), zkVersion=0) (state.change.logger)
[2022-05-16 23:39:31,969] INFO [Controller id=0 epoch=1] Changed partition __consumer_offsets-11 from NewPartition to OnlinePartition with state LeaderAndIsr(leader=0, leaderEpoch=0, isr=List(0), zkVersion=0) (state.change.logger)
[2022-05-16 23:39:31,969] INFO [Controller id=0 epoch=1] Changed partition __consumer_offsets-2 from NewPartition to OnlinePartition with state LeaderAndIsr(leader=0, leaderEpoch=0, isr=List(0), zkVersion=0) (state.change.logger)
[2022-05-16 23:39:31,970] INFO [Controller id=0 epoch=1] Changed partition __consumer_offsets-43 from NewPartition to OnlinePartition with state LeaderAndIsr(leader=0, leaderEpoch=0, isr=List(0), zkVersion=0) (state.change.logger)
[2022-05-16 23:39:31,970] INFO [Controller id=0 epoch=1] Changed partition __consumer_offsets-6 from NewPartition to OnlinePartition with state LeaderAndIsr(leader=0, leaderEpoch=0, isr=List(0), zkVersion=0) (state.change.logger)
[2022-05-16 23:39:31,970] INFO [Controller id=0 epoch=1] Changed partition __consumer_offsets-14 from NewPartition to OnlinePartition with state LeaderAndIsr(leader=0, leaderEpoch=0, isr=List(0), zkVersion=0) (state.change.logger)
[2022-05-16 23:39:31,970] INFO [Controller id=0 epoch=1] Changed partition __consumer_offsets-20 from NewPartition to OnlinePartition with state LeaderAndIsr(leader=0, leaderEpoch=0, isr=List(0), zkVersion=0) (state.change.logger)
[2022-05-16 23:39:31,970] INFO [Controller id=0 epoch=1] Changed partition __consumer_offsets-0 from NewPartition to OnlinePartition with state LeaderAndIsr(leader=0, leaderEpoch=0, isr=List(0), zkVersion=0) (state.change.logger)
[2022-05-16 23:39:31,970] INFO [Controller id=0 epoch=1] Changed partition __consumer_offsets-44 from NewPartition to OnlinePartition with state LeaderAndIsr(leader=0, leaderEpoch=0, isr=List(0), zkVersion=0) (state.change.logger)
[2022-05-16 23:39:31,970] INFO [Controller id=0 epoch=1] Changed partition __consumer_offsets-39 from NewPartition to OnlinePartition with state LeaderAndIsr(leader=0, leaderEpoch=0, isr=List(0), zkVersion=0) (state.change.logger)
[2022-05-16 23:39:31,970] INFO [Controller id=0 epoch=1] Changed partition __consumer_offsets-12 from NewPartition to OnlinePartition with state LeaderAndIsr(leader=0, leaderEpoch=0, isr=List(0), zkVersion=0) (state.change.logger)
[2022-05-16 23:39:31,970] INFO [Controller id=0 epoch=1] Changed partition __consumer_offsets-45 from NewPartition to OnlinePartition with state LeaderAndIsr(leader=0, leaderEpoch=0, isr=List(0), zkVersion=0) (state.change.logger)
[2022-05-16 23:39:31,970] INFO [Controller id=0 epoch=1] Changed partition __consumer_offsets-1 from NewPartition to OnlinePartition with state LeaderAndIsr(leader=0, leaderEpoch=0, isr=List(0), zkVersion=0) (state.change.logger)
[2022-05-16 23:39:31,970] INFO [Controller id=0 epoch=1] Changed partition __consumer_offsets-5 from NewPartition to OnlinePartition with state LeaderAndIsr(leader=0, leaderEpoch=0, isr=List(0), zkVersion=0) (state.change.logger)
[2022-05-16 23:39:31,971] INFO [Controller id=0 epoch=1] Changed partition __consumer_offsets-26 from NewPartition to OnlinePartition with state LeaderAndIsr(leader=0, leaderEpoch=0, isr=List(0), zkVersion=0) (state.change.logger)
[2022-05-16 23:39:31,971] INFO [Controller id=0 epoch=1] Changed partition __consumer_offsets-29 from NewPartition to OnlinePartition with state LeaderAndIsr(leader=0, leaderEpoch=0, isr=List(0), zkVersion=0) (state.change.logger)
[2022-05-16 23:39:31,971] INFO [Controller id=0 epoch=1] Changed partition __consumer_offsets-34 from NewPartition to OnlinePartition with state LeaderAndIsr(leader=0, leaderEpoch=0, isr=List(0), zkVersion=0) (state.change.logger)
[2022-05-16 23:39:31,971] INFO [Controller id=0 epoch=1] Changed partition __consumer_offsets-10 from NewPartition to OnlinePartition with state LeaderAndIsr(leader=0, leaderEpoch=0, isr=List(0), zkVersion=0) (state.change.logger)
[2022-05-16 23:39:31,971] INFO [Controller id=0 epoch=1] Changed partition __consumer_offsets-32 from NewPartition to OnlinePartition with state LeaderAndIsr(leader=0, leaderEpoch=0, isr=List(0), zkVersion=0) (state.change.logger)
[2022-05-16 23:39:31,972] INFO [Controller id=0 epoch=1] Changed partition __consumer_offsets-40 from NewPartition to OnlinePartition with state LeaderAndIsr(leader=0, leaderEpoch=0, isr=List(0), zkVersion=0) (state.change.logger)
[2022-05-16 23:39:31,972] INFO [Controller id=0 epoch=1] Sending LeaderAndIsr request to broker 0 with 50 become-leader and 0 become-follower partitions (state.change.logger)
[2022-05-16 23:39:31,973] INFO [Controller id=0 epoch=1] Sending UpdateMetadata request to brokers HashSet(0) for 50 partitions (state.change.logger)
[2022-05-16 23:39:31,984] INFO [Controller id=0 epoch=1] Sending UpdateMetadata request to brokers HashSet() for 0 partitions (state.change.logger)
[2022-05-16 23:39:31,996] INFO [Broker id=0] Handling LeaderAndIsr request correlationId 3 from controller 0 for 50 partitions (state.change.logger)
[2022-05-16 23:39:32,203] INFO [Broker id=0] Stopped fetchers as part of LeaderAndIsr request correlationId 3 from controller 0 epoch 1 as part of the become-leader transition for 50 partitions (state.change.logger)
[2022-05-16 23:39:32,292] INFO [Broker id=0] Leader __consumer_offsets-3 starts at leader epoch 0 from offset 0 with high watermark 0 ISR [0] addingReplicas [] removingReplicas []. Previous leader epoch was -1. (state.change.logger)
[2022-05-16 23:39:32,325] INFO [Broker id=0] Leader __consumer_offsets-18 starts at leader epoch 0 from offset 0 with high watermark 0 ISR [0] addingReplicas [] removingReplicas []. Previous leader epoch was -1. (state.change.logger)
[2022-05-16 23:39:32,354] INFO [Broker id=0] Leader __consumer_offsets-41 starts at leader epoch 0 from offset 0 with high watermark 0 ISR [0] addingReplicas [] removingReplicas []. Previous leader epoch was -1. (state.change.logger)
[2022-05-16 23:39:32,383] INFO [Broker id=0] Leader __consumer_offsets-10 starts at leader epoch 0 from offset 0 with high watermark 0 ISR [0] addingReplicas [] removingReplicas []. Previous leader epoch was -1. (state.change.logger)
[2022-05-16 23:39:32,413] INFO [Broker id=0] Leader __consumer_offsets-33 starts at leader epoch 0 from offset 0 with high watermark 0 ISR [0] addingReplicas [] removingReplicas []. Previous leader epoch was -1. (state.change.logger)
[2022-05-16 23:39:32,452] INFO [Broker id=0] Leader __consumer_offsets-48 starts at leader epoch 0 from offset 0 with high watermark 0 ISR [0] addingReplicas [] removingReplicas []. Previous leader epoch was -1. (state.change.logger)
[2022-05-16 23:39:32,481] INFO [Broker id=0] Leader __consumer_offsets-19 starts at leader epoch 0 from offset 0 with high watermark 0 ISR [0] addingReplicas [] removingReplicas []. Previous leader epoch was -1. (state.change.logger)
[2022-05-16 23:39:32,513] INFO [Broker id=0] Leader __consumer_offsets-34 starts at leader epoch 0 from offset 0 with high watermark 0 ISR [0] addingReplicas [] removingReplicas []. Previous leader epoch was -1. (state.change.logger)
[2022-05-16 23:39:32,544] INFO [Broker id=0] Leader __consumer_offsets-4 starts at leader epoch 0 from offset 0 with high watermark 0 ISR [0] addingReplicas [] removingReplicas []. Previous leader epoch was -1. (state.change.logger)
[2022-05-16 23:39:32,570] INFO [Broker id=0] Leader __consumer_offsets-11 starts at leader epoch 0 from offset 0 with high watermark 0 ISR [0] addingReplicas [] removingReplicas []. Previous leader epoch was -1. (state.change.logger)
[2022-05-16 23:39:32,595] INFO [Broker id=0] Leader __consumer_offsets-26 starts at leader epoch 0 from offset 0 with high watermark 0 ISR [0] addingReplicas [] removingReplicas []. Previous leader epoch was -1. (state.change.logger)
[2022-05-16 23:39:32,626] INFO [Broker id=0] Leader __consumer_offsets-49 starts at leader epoch 0 from offset 0 with high watermark 0 ISR [0] addingReplicas [] removingReplicas []. Previous leader epoch was -1. (state.change.logger)
[2022-05-16 23:39:32,651] INFO [Broker id=0] Leader __consumer_offsets-39 starts at leader epoch 0 from offset 0 with high watermark 0 ISR [0] addingReplicas [] removingReplicas []. Previous leader epoch was -1. (state.change.logger)
[2022-05-16 23:39:32,688] INFO [Broker id=0] Leader __consumer_offsets-9 starts at leader epoch 0 from offset 0 with high watermark 0 ISR [0] addingReplicas [] removingReplicas []. Previous leader epoch was -1. (state.change.logger)
[2022-05-16 23:39:32,712] INFO [Broker id=0] Leader __consumer_offsets-24 starts at leader epoch 0 from offset 0 with high watermark 0 ISR [0] addingReplicas [] removingReplicas []. Previous leader epoch was -1. (state.change.logger)
[2022-05-16 23:39:32,737] INFO [Broker id=0] Leader __consumer_offsets-31 starts at leader epoch 0 from offset 0 with high watermark 0 ISR [0] addingReplicas [] removingReplicas []. Previous leader epoch was -1. (state.change.logger)
[2022-05-16 23:39:32,764] INFO [Broker id=0] Leader __consumer_offsets-46 starts at leader epoch 0 from offset 0 with high watermark 0 ISR [0] addingReplicas [] removingReplicas []. Previous leader epoch was -1. (state.change.logger)
[2022-05-16 23:39:32,789] INFO [Broker id=0] Leader __consumer_offsets-1 starts at leader epoch 0 from offset 0 with high watermark 0 ISR [0] addingReplicas [] removingReplicas []. Previous leader epoch was -1. (state.change.logger)
[2022-05-16 23:39:32,813] INFO [Broker id=0] Leader __consumer_offsets-16 starts at leader epoch 0 from offset 0 with high watermark 0 ISR [0] addingReplicas [] removingReplicas []. Previous leader epoch was -1. (state.change.logger)
[2022-05-16 23:39:32,837] INFO [Broker id=0] Leader __consumer_offsets-2 starts at leader epoch 0 from offset 0 with high watermark 0 ISR [0] addingReplicas [] removingReplicas []. Previous leader epoch was -1. (state.change.logger)
[2022-05-16 23:39:32,865] INFO [Broker id=0] Leader __consumer_offsets-25 starts at leader epoch 0 from offset 0 with high watermark 0 ISR [0] addingReplicas [] removingReplicas []. Previous leader epoch was -1. (state.change.logger)
[2022-05-16 23:39:32,901] INFO [Broker id=0] Leader __consumer_offsets-40 starts at leader epoch 0 from offset 0 with high watermark 0 ISR [0] addingReplicas [] removingReplicas []. Previous leader epoch was -1. (state.change.logger)
[2022-05-16 23:39:32,926] INFO [Broker id=0] Leader __consumer_offsets-47 starts at leader epoch 0 from offset 0 with high watermark 0 ISR [0] addingReplicas [] removingReplicas []. Previous leader epoch was -1. (state.change.logger)
[2022-05-16 23:39:32,954] INFO [Broker id=0] Leader __consumer_offsets-17 starts at leader epoch 0 from offset 0 with high watermark 0 ISR [0] addingReplicas [] removingReplicas []. Previous leader epoch was -1. (state.change.logger)
[2022-05-16 23:39:32,986] INFO [Broker id=0] Leader __consumer_offsets-32 starts at leader epoch 0 from offset 0 with high watermark 0 ISR [0] addingReplicas [] removingReplicas []. Previous leader epoch was -1. (state.change.logger)
[2022-05-16 23:39:33,011] INFO [Broker id=0] Leader __consumer_offsets-37 starts at leader epoch 0 from offset 0 with high watermark 0 ISR [0] addingReplicas [] removingReplicas []. Previous leader epoch was -1. (state.change.logger)
[2022-05-16 23:39:33,039] INFO [Broker id=0] Leader __consumer_offsets-7 starts at leader epoch 0 from offset 0 with high watermark 0 ISR [0] addingReplicas [] removingReplicas []. Previous leader epoch was -1. (state.change.logger)
[2022-05-16 23:39:33,063] INFO [Broker id=0] Leader __consumer_offsets-22 starts at leader epoch 0 from offset 0 with high watermark 0 ISR [0] addingReplicas [] removingReplicas []. Previous leader epoch was -1. (state.change.logger)
[2022-05-16 23:39:33,095] INFO [Broker id=0] Leader __consumer_offsets-29 starts at leader epoch 0 from offset 0 with high watermark 0 ISR [0] addingReplicas [] removingReplicas []. Previous leader epoch was -1. (state.change.logger)
[2022-05-16 23:39:33,126] INFO [Broker id=0] Leader __consumer_offsets-44 starts at leader epoch 0 from offset 0 with high watermark 0 ISR [0] addingReplicas [] removingReplicas []. Previous leader epoch was -1. (state.change.logger)
[2022-05-16 23:39:33,153] INFO [Broker id=0] Leader __consumer_offsets-14 starts at leader epoch 0 from offset 0 with high watermark 0 ISR [0] addingReplicas [] removingReplicas []. Previous leader epoch was -1. (state.change.logger)
[2022-05-16 23:39:33,179] INFO [Broker id=0] Leader __consumer_offsets-23 starts at leader epoch 0 from offset 0 with high watermark 0 ISR [0] addingReplicas [] removingReplicas []. Previous leader epoch was -1. (state.change.logger)
[2022-05-16 23:39:33,205] INFO [Broker id=0] Leader __consumer_offsets-38 starts at leader epoch 0 from offset 0 with high watermark 0 ISR [0] addingReplicas [] removingReplicas []. Previous leader epoch was -1. (state.change.logger)
[2022-05-16 23:39:33,230] INFO [Broker id=0] Leader __consumer_offsets-8 starts at leader epoch 0 from offset 0 with high watermark 0 ISR [0] addingReplicas [] removingReplicas []. Previous leader epoch was -1. (state.change.logger)
[2022-05-16 23:39:33,257] INFO [Broker id=0] Leader __consumer_offsets-45 starts at leader epoch 0 from offset 0 with high watermark 0 ISR [0] addingReplicas [] removingReplicas []. Previous leader epoch was -1. (state.change.logger)
[2022-05-16 23:39:33,283] INFO [Broker id=0] Leader __consumer_offsets-15 starts at leader epoch 0 from offset 0 with high watermark 0 ISR [0] addingReplicas [] removingReplicas []. Previous leader epoch was -1. (state.change.logger)
[2022-05-16 23:39:33,311] INFO [Broker id=0] Leader __consumer_offsets-30 starts at leader epoch 0 from offset 0 with high watermark 0 ISR [0] addingReplicas [] removingReplicas []. Previous leader epoch was -1. (state.change.logger)
[2022-05-16 23:39:33,335] INFO [Broker id=0] Leader __consumer_offsets-0 starts at leader epoch 0 from offset 0 with high watermark 0 ISR [0] addingReplicas [] removingReplicas []. Previous leader epoch was -1. (state.change.logger)
[2022-05-16 23:39:33,361] INFO [Broker id=0] Leader __consumer_offsets-35 starts at leader epoch 0 from offset 0 with high watermark 0 ISR [0] addingReplicas [] removingReplicas []. Previous leader epoch was -1. (state.change.logger)
[2022-05-16 23:39:33,386] INFO [Broker id=0] Leader __consumer_offsets-5 starts at leader epoch 0 from offset 0 with high watermark 0 ISR [0] addingReplicas [] removingReplicas []. Previous leader epoch was -1. (state.change.logger)
[2022-05-16 23:39:33,416] INFO [Broker id=0] Leader __consumer_offsets-20 starts at leader epoch 0 from offset 0 with high watermark 0 ISR [0] addingReplicas [] removingReplicas []. Previous leader epoch was -1. (state.change.logger)
[2022-05-16 23:39:33,441] INFO [Broker id=0] Leader __consumer_offsets-27 starts at leader epoch 0 from offset 0 with high watermark 0 ISR [0] addingReplicas [] removingReplicas []. Previous leader epoch was -1. (state.change.logger)
[2022-05-16 23:39:33,464] INFO [Broker id=0] Leader __consumer_offsets-42 starts at leader epoch 0 from offset 0 with high watermark 0 ISR [0] addingReplicas [] removingReplicas []. Previous leader epoch was -1. (state.change.logger)
[2022-05-16 23:39:33,491] INFO [Broker id=0] Leader __consumer_offsets-12 starts at leader epoch 0 from offset 0 with high watermark 0 ISR [0] addingReplicas [] removingReplicas []. Previous leader epoch was -1. (state.change.logger)
[2022-05-16 23:39:33,521] INFO [Broker id=0] Leader __consumer_offsets-21 starts at leader epoch 0 from offset 0 with high watermark 0 ISR [0] addingReplicas [] removingReplicas []. Previous leader epoch was -1. (state.change.logger)
[2022-05-16 23:39:33,552] INFO [Broker id=0] Leader __consumer_offsets-36 starts at leader epoch 0 from offset 0 with high watermark 0 ISR [0] addingReplicas [] removingReplicas []. Previous leader epoch was -1. (state.change.logger)
[2022-05-16 23:39:33,578] INFO [Broker id=0] Leader __consumer_offsets-6 starts at leader epoch 0 from offset 0 with high watermark 0 ISR [0] addingReplicas [] removingReplicas []. Previous leader epoch was -1. (state.change.logger)
[2022-05-16 23:39:33,610] INFO [Broker id=0] Leader __consumer_offsets-43 starts at leader epoch 0 from offset 0 with high watermark 0 ISR [0] addingReplicas [] removingReplicas []. Previous leader epoch was -1. (state.change.logger)
[2022-05-16 23:39:33,644] INFO [Broker id=0] Leader __consumer_offsets-13 starts at leader epoch 0 from offset 0 with high watermark 0 ISR [0] addingReplicas [] removingReplicas []. Previous leader epoch was -1. (state.change.logger)
[2022-05-16 23:39:33,670] INFO [Broker id=0] Leader __consumer_offsets-28 starts at leader epoch 0 from offset 0 with high watermark 0 ISR [0] addingReplicas [] removingReplicas []. Previous leader epoch was -1. (state.change.logger)
[2022-05-16 23:39:33,812] INFO [Broker id=0] Finished LeaderAndIsr request in 1816ms correlationId 3 from controller 0 for 50 partitions (state.change.logger)
[2022-05-16 23:39:33,821] INFO [Broker id=0] Add 50 partitions and deleted 0 partitions from metadata cache in response to UpdateMetadata request sent by controller 0 epoch 1 with correlation id 4 (state.change.logger)
[2022-05-16 23:57:07,715] INFO [Controller id=0 epoch=1] Sending UpdateMetadata request to brokers HashSet() for 0 partitions (state.change.logger)
